*** Using Compiler 'V6.16', folder: 'D:\DevEnv\Keil_v5\ARM\ARMCLANG\Bin'
Rebuild target 'SoraStar'
compiling usart.c...
compiling main.c...
compiling stm32f4xx_hal_flash.c...
compiling stm32f4xx_ll_adc.c...
assembling startup_stm32f407xx.s...
compiling tim.c...
compiling dma.c...
compiling spi.c...
compiling adc.c...
compiling gpio.c...
compiling stm32f4xx_hal_msp.c...
compiling stm32f4xx_it.c...
compiling stm32f4xx_hal_rcc_ex.c...
compiling stm32f4xx_hal_rcc.c...
compiling stm32f4xx_hal_adc_ex.c...
compiling stm32f4xx_hal_adc.c...
compiling stm32f4xx_hal_flash_ramfunc.c...
compiling stm32f4xx_hal_flash_ex.c...
compiling stm32f4xx_hal_gpio.c...
compiling stm32f4xx_hal_dma_ex.c...
compiling stm32f4xx_hal_pwr.c...
compiling stm32f4xx_hal_pwr_ex.c...
compiling stm32f4xx_hal_cortex.c...
compiling stm32f4xx_hal_dma.c...
compiling system_stm32f4xx.c...
compiling stm32f4xx_hal.c...
compiling stm32f4xx_hal_exti.c...
compiling stm32f4xx_hal_tim_ex.c...
compiling stm32f4xx_hal_spi.c...
compiling stm32f4xx_hal_uart.c...
compiling stm32f4xx_hal_tim.c...
linking...
Program Size: Code=18444 RO-data=624 RW-data=32 ZI-data=2304  
FromELF: creating hex file...
"SoraStar\SoraStar.axf" - 0 Error(s), 0 Warning(s).
Build Time Elapsed:  00:00:03
